/Users/mrtollefson/.bash_profile: line 14: qme: command not found
Picked up _JAVA_OPTIONS: -XX:MaxHeapSize=12G
 No Job Scheduler at localhost:20617, running in this (one) process
 ______________________________________________________________________________

        FORCE FIELD X - Software for Molecular Biophysics 

        Version 1.0.0-BETA-1650  August 2016 
        SCM version  c734fbd22b0c847133719f00abf6b5f131d110b0 

        Copyright (c)  Michael J. Schnieders    2001-2016 
        Portions Copyright (c)  Timothy D. Fenn 2009-2016 

        All Rights Reserved 

        Force Field X is distributed under the GPL v. 3 license and 
        hosted by the Schnieders Lab at The University of Iowa. 

        For publications please see http://ffx.eng.uiowa.edu/publications.html 
        For the GPL v.3 license see http://ffx.eng.uiowa.edu/license.html 

 ______________________________________________________________________________

 Tue Sep 06 13:20:56 CDT 2016
 Command line arguments:
 [minimize, -e, 1.0, COL9A2_22-60.pdb]
 Process ID 5224 on neon-p-compute-4-11.local.
 Starting up the command line interface.
-e
1.0
COL9A2_22-60.pdb
 Loading force field: AMOEBA_BIO_2009
 forcefield AMOEBA-BIO-2009
 torsionunit    0.500
 vdwtype BUFFERED-14-7
 radiusrule CUBIC-MEAN
 radiustype R-MIN
 radiussize DIAMETER
 epsilonrule HHG
 polarization MUTUAL
 Reading COL9A2_22-60.pdb

 Assigning atom types for 1 chains.
 Amino acid chain A
 Total number of atoms: 497

 Constructing Force Field AMOEBA-BIO-2009

 SMP threads:                                16

 Unit Cell
  A-axis:                                16.699
  B-axis:                                74.281
  C-axis:                                17.687
  Alpha:                                 90.000
  Beta:                                 102.200
  Gamma:                                 90.000
  Space group
   Number:                                    4
   Symbol:                                  P21
   Number of Symmetry Operators:              2

 Replicates Cell
  Dimension:                    (  2 x  1 x  2)
  A-axis:                                33.398
  B-axis:                                74.281
  C-axis:                                35.374
  Alpha:                                 90.000
  Beta:                                 102.200
  Gamma:                                 90.000
  Total Symmetry Operators:                   8

 Bonded Terms
  Bonds:                                    507
  Angles:                                   940
  Stretch-Bends:                            831
  Out-of-Plane Bends:                       279
  Torsions:                                1402
  Pi-Orbital Torsions:                       40
  Torsion-Torsions:                          26

 Non-Bonded Terms
  Neighbor List Builder
   Sub-volumes:                               6
   Average Atoms Per Sub-Volume:            662
  Van der Waals
   Switch Start:                          8.100 (A)
   Cut-Off:                               9.000 (A)

 Electrostatics
  Polarization:                          MUTUAL
   SCF Convergence Criteria:          1.000e-05
   SCF Predictor:                          NONE
   SCF Algorithm:                            CG
   CG Preconditioner Cut-Off:             4.500
   CG Preconditioner Ewald Coefficient:   0.000
  Particle-mesh Ewald
   Ewald Coefficient:                     0.545
   Particle Cut-Off:                      7.000 (A)
   B-Spline Order:                            5
   Mesh Density:                          1.200
   Mesh Dimensions:               ( 24, 90, 24)

 Overall system charge:                -1.000

 Running minimize on COL9A2_22-60
 RMS gradient convergence criteria: 1.0
Exception in thread "main" java.lang.ArithmeticException: Maximum SCF iterations reached: (1000)

	at ffx.potential.nonbonded.ParticleMeshEwald.scfByPCG(ParticleMeshEwald.java:7821)
	at ffx.potential.nonbonded.ParticleMeshEwald.selfConsistentField(ParticleMeshEwald.java:2162)
	at ffx.potential.nonbonded.ParticleMeshEwald.computeEnergy(ParticleMeshEwald.java:1867)
	at ffx.potential.nonbonded.ParticleMeshEwald.energy(ParticleMeshEwald.java:1479)
	at ffx.potential.ForceFieldEnergy.energy(ForceFieldEnergy.java:1303)
	at ffx.ui.ModelingShell.energy(ModelingShell.java:363)
	at sun.reflect.NativeMethodAccessorImpl.invoke0(Native Method)
	at sun.reflect.NativeMethodAccessorImpl.invoke(NativeMethodAccessorImpl.java:62)
	at sun.reflect.DelegatingMethodAccessorImpl.invoke(DelegatingMethodAccessorImpl.java:43)
	at java.lang.reflect.Method.invoke(Method.java:498)
	at org.codehaus.groovy.reflection.CachedMethod.invoke(CachedMethod.java:90)
	at groovy.lang.MetaMethod.doMethodInvoke(MetaMethod.java:324)
	at groovy.lang.MetaClassImpl.invokeMethod(MetaClassImpl.java:1207)
	at groovy.lang.MetaClassImpl.invokeMethod(MetaClassImpl.java:1074)
	at groovy.lang.MetaClassImpl.invokeMethod(MetaClassImpl.java:1016)
	at groovy.lang.MetaClassImpl.invokePropertyOrMissing(MetaClassImpl.java:1253)
	at groovy.lang.MetaClassImpl.invokeMethod(MetaClassImpl.java:1209)
	at groovy.lang.MetaClassImpl.invokeMethod(MetaClassImpl.java:1016)
	at org.codehaus.groovy.runtime.callsite.PogoMetaClassSite.callCurrent(PogoMetaClassSite.java:66)
	at org.codehaus.groovy.runtime.callsite.CallSiteArray.defaultCallCurrent(CallSiteArray.java:49)
	at org.codehaus.groovy.runtime.callsite.AbstractCallSite.callCurrent(AbstractCallSite.java:133)
	at org.codehaus.groovy.runtime.callsite.AbstractCallSite.callCurrent(AbstractCallSite.java:137)
	at ffx.minimize.7497140735262464783.run(ffx.minimize.7497140735262464783.ffx:227)
	at groovy.lang.GroovyShell.evaluate(GroovyShell.java:570)
	at groovy.lang.GroovyShell.evaluate(GroovyShell.java:617)
	at ffx.ui.ModelingShell.runFFXScript(ModelingShell.java:301)
	at ffx.ui.MainPanel.openInit(MainPanel.java:1419)
	at ffx.ui.MainPanel.open(MainPanel.java:1379)
	at ffx.HeadlessMain.<init>(HeadlessMain.java:109)
	at ffx.Main.startCommandLineInterface(Main.java:240)
	at ffx.Main.main(Main.java:354)
Picked up _JAVA_OPTIONS: -XX:MaxHeapSize=12G
 No Job Scheduler at localhost:20617, running in this (one) process
 ______________________________________________________________________________

        FORCE FIELD X - Software for Molecular Biophysics 

        Version 1.0.0-BETA-1650  August 2016 
        SCM version  c734fbd22b0c847133719f00abf6b5f131d110b0 

        Copyright (c)  Michael J. Schnieders    2001-2016 
        Portions Copyright (c)  Timothy D. Fenn 2009-2016 

        All Rights Reserved 

        Force Field X is distributed under the GPL v. 3 license and 
        hosted by the Schnieders Lab at The University of Iowa. 

        For publications please see http://ffx.eng.uiowa.edu/publications.html 
        For the GPL v.3 license see http://ffx.eng.uiowa.edu/license.html 

 ______________________________________________________________________________

 Tue Sep 06 13:21:09 CDT 2016
 Command line arguments:
 [rotamer, -a, 5, -bL, 5, -bB, 1.5, -x, 1, -l, 2, -t, false, COL9A2_22-60.pdb_2]
 Process ID 5337 on neon-p-compute-4-11.local.
 Starting up the command line interface.

 Evaluating rotamers for all boxes beginning at 1
Sep 06, 2016 1:21:12 PM ffx.ui.MainPanel open
WARNING: COL9A2_22-60.pdb_2: could not be found.

Exception in thread "main" java.lang.NullPointerException
	at ffx.ui.MainPanel.openWait(MainPanel.java:1636)
	at sun.reflect.NativeMethodAccessorImpl.invoke0(Native Method)
	at sun.reflect.NativeMethodAccessorImpl.invoke(NativeMethodAccessorImpl.java:62)
	at sun.reflect.DelegatingMethodAccessorImpl.invoke(DelegatingMethodAccessorImpl.java:43)
	at java.lang.reflect.Method.invoke(Method.java:498)
	at org.codehaus.groovy.reflection.CachedMethod.invoke(CachedMethod.java:90)
	at groovy.lang.MetaMethod.doMethodInvoke(MetaMethod.java:324)
	at groovy.lang.MetaClassImpl.invokeMethod(MetaClassImpl.java:1207)
	at groovy.lang.MetaClassImpl.invokeMethod(MetaClassImpl.java:1074)
	at groovy.lang.MetaClassImpl.invokeMethod(MetaClassImpl.java:1016)
	at groovy.lang.MetaClassImpl.invokePropertyOrMissing(MetaClassImpl.java:1253)
	at groovy.lang.MetaClassImpl.invokeMethod(MetaClassImpl.java:1209)
	at groovy.lang.MetaClassImpl.invokeMethod(MetaClassImpl.java:1016)
	at org.codehaus.groovy.runtime.callsite.PogoMetaClassSite.callCurrent(PogoMetaClassSite.java:66)
	at org.codehaus.groovy.runtime.callsite.CallSiteArray.defaultCallCurrent(CallSiteArray.java:49)
	at org.codehaus.groovy.runtime.callsite.AbstractCallSite.callCurrent(AbstractCallSite.java:133)
	at org.codehaus.groovy.runtime.callsite.AbstractCallSite.callCurrent(AbstractCallSite.java:141)
	at ffx.rotamer.7301542698032896764.run(ffx.rotamer.7301542698032896764.ffx:534)
	at groovy.lang.GroovyShell.evaluate(GroovyShell.java:570)
	at groovy.lang.GroovyShell.evaluate(GroovyShell.java:617)
	at ffx.ui.ModelingShell.runFFXScript(ModelingShell.java:301)
	at ffx.ui.MainPanel.openInit(MainPanel.java:1419)
	at ffx.ui.MainPanel.open(MainPanel.java:1379)
	at ffx.HeadlessMain.<init>(HeadlessMain.java:109)
	at ffx.Main.startCommandLineInterface(Main.java:240)
	at ffx.Main.main(Main.java:354)
Picked up _JAVA_OPTIONS: -XX:MaxHeapSize=12G
 No Job Scheduler at localhost:20617, running in this (one) process
 ______________________________________________________________________________

        FORCE FIELD X - Software for Molecular Biophysics 

        Version 1.0.0-BETA-1650  August 2016 
        SCM version  c734fbd22b0c847133719f00abf6b5f131d110b0 

        Copyright (c)  Michael J. Schnieders    2001-2016 
        Portions Copyright (c)  Timothy D. Fenn 2009-2016 

        All Rights Reserved 

        Force Field X is distributed under the GPL v. 3 license and 
        hosted by the Schnieders Lab at The University of Iowa. 

        For publications please see http://ffx.eng.uiowa.edu/publications.html 
        For the GPL v.3 license see http://ffx.eng.uiowa.edu/license.html 

 ______________________________________________________________________________

 Tue Sep 06 13:21:13 CDT 2016
 Command line arguments:
 [minimize, -e, 0.8, COL9A2_22-60.pdb_3]
 Process ID 5392 on neon-p-compute-4-11.local.
 Starting up the command line interface.
-e
0.8
COL9A2_22-60.pdb_3
Sep 06, 2016 1:21:15 PM ffx.ui.MainPanel open
WARNING: COL9A2_22-60.pdb_3: could not be found.

Exception in thread "main" java.lang.NullPointerException
	at ffx.ui.MainPanel.openWait(MainPanel.java:1636)
	at sun.reflect.NativeMethodAccessorImpl.invoke0(Native Method)
	at sun.reflect.NativeMethodAccessorImpl.invoke(NativeMethodAccessorImpl.java:62)
	at sun.reflect.DelegatingMethodAccessorImpl.invoke(DelegatingMethodAccessorImpl.java:43)
	at java.lang.reflect.Method.invoke(Method.java:498)
	at org.codehaus.groovy.reflection.CachedMethod.invoke(CachedMethod.java:90)
	at groovy.lang.MetaMethod.doMethodInvoke(MetaMethod.java:324)
	at groovy.lang.MetaClassImpl.invokeMethod(MetaClassImpl.java:1207)
	at groovy.lang.MetaClassImpl.invokeMethod(MetaClassImpl.java:1074)
	at groovy.lang.MetaClassImpl.invokeMethod(MetaClassImpl.java:1016)
	at groovy.lang.MetaClassImpl.invokePropertyOrMissing(MetaClassImpl.java:1253)
	at groovy.lang.MetaClassImpl.invokeMethod(MetaClassImpl.java:1209)
	at groovy.lang.MetaClassImpl.invokeMethod(MetaClassImpl.java:1016)
	at org.codehaus.groovy.runtime.callsite.PogoMetaClassSite.callCurrent(PogoMetaClassSite.java:66)
	at org.codehaus.groovy.runtime.callsite.CallSiteArray.defaultCallCurrent(CallSiteArray.java:49)
	at org.codehaus.groovy.runtime.callsite.AbstractCallSite.callCurrent(AbstractCallSite.java:133)
	at org.codehaus.groovy.runtime.callsite.AbstractCallSite.callCurrent(AbstractCallSite.java:141)
	at ffx.minimize.453039414343693754.run(ffx.minimize.453039414343693754.ffx:172)
	at groovy.lang.GroovyShell.evaluate(GroovyShell.java:570)
	at groovy.lang.GroovyShell.evaluate(GroovyShell.java:617)
	at ffx.ui.ModelingShell.runFFXScript(ModelingShell.java:301)
	at ffx.ui.MainPanel.openInit(MainPanel.java:1419)
	at ffx.ui.MainPanel.open(MainPanel.java:1379)
	at ffx.HeadlessMain.<init>(HeadlessMain.java:109)
	at ffx.Main.startCommandLineInterface(Main.java:240)
	at ffx.Main.main(Main.java:354)
